Connecting to database specified by database.yml
Connecting to database specified by database.yml
Connecting to database specified by database.yml
  [1m[36m (0.1ms)[0m  [1mselect sqlite_version(*)[0m
  [1m[35m (3.8ms)[0m  CREATE TABLE "schema_migrations" ("version" varchar(255) NOT NULL) 
  [1m[36m (4.3ms)[0m  [1mCREATE UNIQUE INDEX "unique_schema_migrations" ON "schema_migrations" ("version")[0m
  [1m[35m (0.2ms)[0m  SELECT "schema_migrations"."version" FROM "schema_migrations" 
Connecting to database specified by database.yml
Connecting to database specified by database.yml
  [1m[36m (0.0ms)[0m  [1mselect sqlite_version(*)[0m
  [1m[35m (0.0ms)[0m  SELECT "schema_migrations"."version" FROM "schema_migrations" 
Connecting to database specified by database.yml
  [1m[36m (0.1ms)[0m  [1mSELECT "schema_migrations"."version" FROM "schema_migrations" [0m
  [1m[35m (0.2ms)[0m  select sqlite_version(*)
  [1m[36m (4.7ms)[0m  [1mCREATE TABLE "schema_migrations" ("version" varchar(255) NOT NULL) [0m
  [1m[35m (4.5ms)[0m  CREATE UNIQUE INDEX "unique_schema_migrations" ON "schema_migrations" ("version")
  [1m[36m (0.2ms)[0m  [1mSELECT version FROM "schema_migrations"[0m
  [1m[35m (4.1ms)[0m  INSERT INTO "schema_migrations" (version) VALUES ('0')
Connecting to database specified by database.yml
  [1m[36m (0.0ms)[0m  [1mSELECT "schema_migrations"."version" FROM "schema_migrations" [0m
  [1m[35m (0.0ms)[0m  select sqlite_version(*)
  [1m[36m (4.9ms)[0m  [1mCREATE TABLE "schema_migrations" ("version" varchar(255) NOT NULL) [0m
  [1m[35m (2.7ms)[0m  CREATE UNIQUE INDEX "unique_schema_migrations" ON "schema_migrations" ("version")
  [1m[36m (0.1ms)[0m  [1mSELECT version FROM "schema_migrations"[0m
  [1m[35m (3.0ms)[0m  INSERT INTO "schema_migrations" (version) VALUES ('0')
Connecting to database specified by database.yml
  [1m[36m (0.1ms)[0m  [1mSELECT "schema_migrations"."version" FROM "schema_migrations" [0m
Connecting to database specified by database.yml
  [1m[36m (0.0ms)[0m  [1mSELECT "schema_migrations"."version" FROM "schema_migrations" [0m
Migrating to CreateLegelistenSmsIncomingSms (20130913123916)
  [1m[35m (0.0ms)[0m  select sqlite_version(*)
  [1m[36m (0.0ms)[0m  [1mbegin transaction[0m
  [1m[35m (0.0ms)[0m  rollback transaction
Connecting to database specified by database.yml
  [1m[36m (0.0ms)[0m  [1mSELECT "schema_migrations"."version" FROM "schema_migrations" [0m
Migrating to CreateLegelistenSmsIncomingSms (20130913123916)
  [1m[35m (0.3ms)[0m  select sqlite_version(*)
  [1m[36m (0.0ms)[0m  [1mbegin transaction[0m
  [1m[35m (0.1ms)[0m  rollback transaction
Connecting to database specified by database.yml
  [1m[36m (0.0ms)[0m  [1mSELECT "schema_migrations"."version" FROM "schema_migrations" [0m
Migrating to CreateLegelistenSmsIncomingSms (20130913123916)
  [1m[35m (0.0ms)[0m  select sqlite_version(*)
  [1m[36m (0.0ms)[0m  [1mbegin transaction[0m
  [1m[35m (0.5ms)[0m  CREATE TABLE "legelisten_sms_incoming_messages" ("id" INTEGER PRIMARY KEY AUTOINCREMENT NOT NULL, "receiver_number" varchar(255), "sender_number" varchar(255), "text" varchar(255), "created_at" datetime NOT NULL, "updated_at" datetime NOT NULL) 
  [1m[36m (0.3ms)[0m  [1mINSERT INTO "schema_migrations" ("version") VALUES ('20130913123916')[0m
  [1m[35m (5.2ms)[0m  commit transaction
Migrating to CreateLegelistenSmsOutgoingSms (20130913123929)
  [1m[36m (0.1ms)[0m  [1mbegin transaction[0m
  [1m[35m (1.2ms)[0m  CREATE TABLE "legelisten_sms_outgoing_messages" ("id" INTEGER PRIMARY KEY AUTOINCREMENT NOT NULL, "created_at" datetime NOT NULL, "updated_at" datetime NOT NULL) 
  [1m[36m (0.8ms)[0m  [1mINSERT INTO "schema_migrations" ("version") VALUES ('20130913123929')[0m
  [1m[35m (3.1ms)[0m  commit transaction
  [1m[36m (0.2ms)[0m  [1mSELECT "schema_migrations"."version" FROM "schema_migrations" [0m
Connecting to database specified by database.yml
  [1m[36m (0.0ms)[0m  [1mSELECT "schema_migrations"."version" FROM "schema_migrations" [0m
  [1m[35m (0.2ms)[0m  select sqlite_version(*)
  [1m[36m (4.9ms)[0m  [1mCREATE TABLE "legelisten_sms_incoming_messages" ("id" INTEGER PRIMARY KEY AUTOINCREMENT NOT NULL, "receiver_number" varchar(255), "sender_number" varchar(255), "text" varchar(255), "created_at" datetime NOT NULL, "updated_at" datetime NOT NULL) [0m
  [1m[35m (3.2ms)[0m  CREATE TABLE "legelisten_sms_outgoing_messages" ("id" INTEGER PRIMARY KEY AUTOINCREMENT NOT NULL, "created_at" datetime NOT NULL, "updated_at" datetime NOT NULL) 
  [1m[36m (0.2ms)[0m  [1mSELECT version FROM "schema_migrations"[0m
  [1m[35m (3.6ms)[0m  INSERT INTO "schema_migrations" (version) VALUES ('20130913123929')
  [1m[36m (4.1ms)[0m  [1mINSERT INTO "schema_migrations" (version) VALUES ('20130913123916')[0m
Connecting to database specified by database.yml
  [1m[36m (0.1ms)[0m  [1mSELECT "schema_migrations"."version" FROM "schema_migrations" [0m
  [1m[35m (0.2ms)[0m  select sqlite_version(*)
  [1m[36m (4.2ms)[0m  [1mDROP TABLE "legelisten_sms_incoming_messages"[0m
  [1m[35m (4.5ms)[0m  CREATE TABLE "legelisten_sms_incoming_messages" ("id" INTEGER PRIMARY KEY AUTOINCREMENT NOT NULL, "receiver_number" varchar(255), "sender_number" varchar(255), "text" varchar(255), "created_at" datetime NOT NULL, "updated_at" datetime NOT NULL) 
  [1m[36m (3.9ms)[0m  [1mDROP TABLE "legelisten_sms_outgoing_messages"[0m
  [1m[35m (4.0ms)[0m  CREATE TABLE "legelisten_sms_outgoing_messages" ("id" INTEGER PRIMARY KEY AUTOINCREMENT NOT NULL, "created_at" datetime NOT NULL, "updated_at" datetime NOT NULL) 
  [1m[36m (0.2ms)[0m  [1mSELECT version FROM "schema_migrations"[0m
Connecting to database specified by database.yml
  [1m[36m (0.0ms)[0m  [1mSELECT "schema_migrations"."version" FROM "schema_migrations" [0m
  [1m[35m (0.2ms)[0m  select sqlite_version(*)
  [1m[36m (4.1ms)[0m  [1mDROP TABLE "legelisten_sms_incoming_messages"[0m
  [1m[35m (2.5ms)[0m  CREATE TABLE "legelisten_sms_incoming_messages" ("id" INTEGER PRIMARY KEY AUTOINCREMENT NOT NULL, "receiver_number" varchar(255), "sender_number" varchar(255), "text" varchar(255), "created_at" datetime NOT NULL, "updated_at" datetime NOT NULL) 
  [1m[36m (2.1ms)[0m  [1mDROP TABLE "legelisten_sms_outgoing_messages"[0m
  [1m[35m (2.1ms)[0m  CREATE TABLE "legelisten_sms_outgoing_messages" ("id" INTEGER PRIMARY KEY AUTOINCREMENT NOT NULL, "created_at" datetime NOT NULL, "updated_at" datetime NOT NULL) 
  [1m[36m (0.1ms)[0m  [1mSELECT version FROM "schema_migrations"[0m
Connecting to database specified by database.yml
  [1m[36m (0.1ms)[0m  [1mSELECT "schema_migrations"."version" FROM "schema_migrations" [0m
  [1m[35m (0.2ms)[0m  select sqlite_version(*)
  [1m[36m (5.1ms)[0m  [1mDROP TABLE "legelisten_sms_incoming_messages"[0m
  [1m[35m (3.3ms)[0m  CREATE TABLE "legelisten_sms_incoming_messages" ("id" INTEGER PRIMARY KEY AUTOINCREMENT NOT NULL, "receiver_number" varchar(255), "sender_number" varchar(255), "text" varchar(255), "created_at" datetime NOT NULL, "updated_at" datetime NOT NULL) 
  [1m[36m (4.1ms)[0m  [1mDROP TABLE "legelisten_sms_outgoing_messages"[0m
  [1m[35m (4.5ms)[0m  CREATE TABLE "legelisten_sms_outgoing_messages" ("id" INTEGER PRIMARY KEY AUTOINCREMENT NOT NULL, "created_at" datetime NOT NULL, "updated_at" datetime NOT NULL) 
  [1m[36m (0.2ms)[0m  [1mSELECT version FROM "schema_migrations"[0m
Connecting to database specified by database.yml
  [1m[36m (0.0ms)[0m  [1mSELECT "schema_migrations"."version" FROM "schema_migrations" [0m
  [1m[35m (0.2ms)[0m  select sqlite_version(*)
  [1m[36m (5.0ms)[0m  [1mDROP TABLE "legelisten_sms_incoming_messages"[0m
  [1m[35m (4.0ms)[0m  CREATE TABLE "legelisten_sms_incoming_messages" ("id" INTEGER PRIMARY KEY AUTOINCREMENT NOT NULL, "receiver_number" varchar(255), "sender_number" varchar(255), "text" varchar(255), "created_at" datetime NOT NULL, "updated_at" datetime NOT NULL) 
  [1m[36m (4.0ms)[0m  [1mDROP TABLE "legelisten_sms_outgoing_messages"[0m
  [1m[35m (4.1ms)[0m  CREATE TABLE "legelisten_sms_outgoing_messages" ("id" INTEGER PRIMARY KEY AUTOINCREMENT NOT NULL, "created_at" datetime NOT NULL, "updated_at" datetime NOT NULL) 
  [1m[36m (0.2ms)[0m  [1mSELECT version FROM "schema_migrations"[0m
Connecting to database specified by database.yml
  [1m[36m (0.1ms)[0m  [1mSELECT "schema_migrations"."version" FROM "schema_migrations" [0m
  [1m[35m (0.2ms)[0m  select sqlite_version(*)
  [1m[36m (4.7ms)[0m  [1mDROP TABLE "legelisten_sms_incoming_messages"[0m
  [1m[35m (3.7ms)[0m  CREATE TABLE "legelisten_sms_incoming_messages" ("id" INTEGER PRIMARY KEY AUTOINCREMENT NOT NULL, "receiver_number" varchar(255), "sender_number" varchar(255), "text" varchar(255), "created_at" datetime NOT NULL, "updated_at" datetime NOT NULL) 
  [1m[36m (3.8ms)[0m  [1mDROP TABLE "legelisten_sms_outgoing_messages"[0m
  [1m[35m (4.0ms)[0m  CREATE TABLE "legelisten_sms_outgoing_messages" ("id" INTEGER PRIMARY KEY AUTOINCREMENT NOT NULL, "created_at" datetime NOT NULL, "updated_at" datetime NOT NULL) 
  [1m[36m (0.2ms)[0m  [1mSELECT version FROM "schema_migrations"[0m
Connecting to database specified by database.yml
  [1m[36m (0.0ms)[0m  [1mSELECT "schema_migrations"."version" FROM "schema_migrations" [0m
  [1m[35m (0.2ms)[0m  select sqlite_version(*)
  [1m[36m (4.1ms)[0m  [1mDROP TABLE "legelisten_sms_incoming_messages"[0m
  [1m[35m (2.7ms)[0m  CREATE TABLE "legelisten_sms_incoming_messages" ("id" INTEGER PRIMARY KEY AUTOINCREMENT NOT NULL, "receiver_number" varchar(255), "sender_number" varchar(255), "text" varchar(255), "created_at" datetime NOT NULL, "updated_at" datetime NOT NULL) 
  [1m[36m (1.5ms)[0m  [1mDROP TABLE "legelisten_sms_outgoing_messages"[0m
  [1m[35m (2.8ms)[0m  CREATE TABLE "legelisten_sms_outgoing_messages" ("id" INTEGER PRIMARY KEY AUTOINCREMENT NOT NULL, "created_at" datetime NOT NULL, "updated_at" datetime NOT NULL) 
  [1m[36m (0.1ms)[0m  [1mSELECT version FROM "schema_migrations"[0m
Connecting to database specified by database.yml
  [1m[36m (0.0ms)[0m  [1mSELECT "schema_migrations"."version" FROM "schema_migrations" [0m
  [1m[35m (0.2ms)[0m  select sqlite_version(*)
  [1m[36m (3.8ms)[0m  [1mDROP TABLE "legelisten_sms_incoming_messages"[0m
  [1m[35m (2.9ms)[0m  CREATE TABLE "legelisten_sms_incoming_messages" ("id" INTEGER PRIMARY KEY AUTOINCREMENT NOT NULL, "receiver_number" varchar(255), "sender_number" varchar(255), "text" varchar(255), "created_at" datetime NOT NULL, "updated_at" datetime NOT NULL) 
  [1m[36m (3.3ms)[0m  [1mDROP TABLE "legelisten_sms_outgoing_messages"[0m
  [1m[35m (3.0ms)[0m  CREATE TABLE "legelisten_sms_outgoing_messages" ("id" INTEGER PRIMARY KEY AUTOINCREMENT NOT NULL, "created_at" datetime NOT NULL, "updated_at" datetime NOT NULL) 
  [1m[36m (0.1ms)[0m  [1mSELECT version FROM "schema_migrations"[0m
Connecting to database specified by database.yml
  [1m[36m (0.1ms)[0m  [1mSELECT "schema_migrations"."version" FROM "schema_migrations" [0m
  [1m[35m (0.2ms)[0m  select sqlite_version(*)
  [1m[36m (4.9ms)[0m  [1mDROP TABLE "legelisten_sms_incoming_messages"[0m
  [1m[35m (3.3ms)[0m  CREATE TABLE "legelisten_sms_incoming_messages" ("id" INTEGER PRIMARY KEY AUTOINCREMENT NOT NULL, "receiver_number" varchar(255), "sender_number" varchar(255), "text" varchar(255), "created_at" datetime NOT NULL, "updated_at" datetime NOT NULL) 
  [1m[36m (4.4ms)[0m  [1mDROP TABLE "legelisten_sms_outgoing_messages"[0m
  [1m[35m (3.9ms)[0m  CREATE TABLE "legelisten_sms_outgoing_messages" ("id" INTEGER PRIMARY KEY AUTOINCREMENT NOT NULL, "created_at" datetime NOT NULL, "updated_at" datetime NOT NULL) 
  [1m[36m (0.2ms)[0m  [1mSELECT version FROM "schema_migrations"[0m
Connecting to database specified by database.yml
  [1m[36m (0.0ms)[0m  [1mSELECT "schema_migrations"."version" FROM "schema_migrations" [0m
  [1m[35m (0.2ms)[0m  select sqlite_version(*)
  [1m[36m (4.0ms)[0m  [1mDROP TABLE "legelisten_sms_incoming_messages"[0m
  [1m[35m (4.2ms)[0m  CREATE TABLE "legelisten_sms_incoming_messages" ("id" INTEGER PRIMARY KEY AUTOINCREMENT NOT NULL, "receiver_number" varchar(255), "sender_number" varchar(255), "text" varchar(255), "created_at" datetime NOT NULL, "updated_at" datetime NOT NULL) 
  [1m[36m (3.5ms)[0m  [1mDROP TABLE "legelisten_sms_outgoing_messages"[0m
  [1m[35m (4.4ms)[0m  CREATE TABLE "legelisten_sms_outgoing_messages" ("id" INTEGER PRIMARY KEY AUTOINCREMENT NOT NULL, "created_at" datetime NOT NULL, "updated_at" datetime NOT NULL) 
  [1m[36m (0.2ms)[0m  [1mSELECT version FROM "schema_migrations"[0m
Connecting to database specified by database.yml
  [1m[36m (0.1ms)[0m  [1mSELECT "schema_migrations"."version" FROM "schema_migrations" [0m
  [1m[35m (0.2ms)[0m  select sqlite_version(*)
  [1m[36m (5004.6ms)[0m  [1mDROP TABLE "legelisten_sms_incoming_messages"[0m
SQLite3::BusyException: database is locked: DROP TABLE "legelisten_sms_incoming_messages"
Connecting to database specified by database.yml
  [1m[36m (0.1ms)[0m  [1mSELECT "schema_migrations"."version" FROM "schema_migrations" [0m
  [1m[35m (0.2ms)[0m  select sqlite_version(*)
  [1m[36m (5004.6ms)[0m  [1mDROP TABLE "legelisten_sms_incoming_messages"[0m
SQLite3::BusyException: database is locked: DROP TABLE "legelisten_sms_incoming_messages"
Connecting to database specified by database.yml
  [1m[36m (0.1ms)[0m  [1mSELECT "schema_migrations"."version" FROM "schema_migrations" [0m
  [1m[35m (0.2ms)[0m  select sqlite_version(*)
  [1m[36m (4.5ms)[0m  [1mDROP TABLE "legelisten_sms_incoming_messages"[0m
  [1m[35m (3.4ms)[0m  CREATE TABLE "legelisten_sms_incoming_messages" ("id" INTEGER PRIMARY KEY AUTOINCREMENT NOT NULL, "receiver_number" varchar(255), "sender_number" varchar(255), "text" varchar(255), "created_at" datetime NOT NULL, "updated_at" datetime NOT NULL) 
  [1m[36m (3.1ms)[0m  [1mDROP TABLE "legelisten_sms_outgoing_messages"[0m
  [1m[35m (4.1ms)[0m  CREATE TABLE "legelisten_sms_outgoing_messages" ("id" INTEGER PRIMARY KEY AUTOINCREMENT NOT NULL, "created_at" datetime NOT NULL, "updated_at" datetime NOT NULL) 
  [1m[36m (0.1ms)[0m  [1mSELECT version FROM "schema_migrations"[0m
Connecting to database specified by database.yml
  [1m[36m (0.1ms)[0m  [1mSELECT "schema_migrations"."version" FROM "schema_migrations" [0m
  [1m[35m (0.2ms)[0m  select sqlite_version(*)
  [1m[36m (5004.9ms)[0m  [1mDROP TABLE "legelisten_sms_incoming_messages"[0m
SQLite3::BusyException: database is locked: DROP TABLE "legelisten_sms_incoming_messages"
Connecting to database specified by database.yml
  [1m[36m (0.1ms)[0m  [1mSELECT "schema_migrations"."version" FROM "schema_migrations" [0m
  [1m[35m (0.2ms)[0m  select sqlite_version(*)
  [1m[36m (6.2ms)[0m  [1mDROP TABLE "legelisten_sms_incoming_messages"[0m
  [1m[35m (3.7ms)[0m  CREATE TABLE "legelisten_sms_incoming_messages" ("id" INTEGER PRIMARY KEY AUTOINCREMENT NOT NULL, "receiver_number" varchar(255), "sender_number" varchar(255), "text" varchar(255), "created_at" datetime NOT NULL, "updated_at" datetime NOT NULL) 
  [1m[36m (3.8ms)[0m  [1mDROP TABLE "legelisten_sms_outgoing_messages"[0m
  [1m[35m (3.7ms)[0m  CREATE TABLE "legelisten_sms_outgoing_messages" ("id" INTEGER PRIMARY KEY AUTOINCREMENT NOT NULL, "created_at" datetime NOT NULL, "updated_at" datetime NOT NULL) 
  [1m[36m (0.2ms)[0m  [1mSELECT version FROM "schema_migrations"[0m
Connecting to database specified by database.yml
  [1m[36m (0.1ms)[0m  [1mSELECT "schema_migrations"."version" FROM "schema_migrations" [0m
  [1m[35m (0.2ms)[0m  select sqlite_version(*)
  [1m[36m (4.4ms)[0m  [1mDROP TABLE "legelisten_sms_incoming_messages"[0m
  [1m[35m (3.4ms)[0m  CREATE TABLE "legelisten_sms_incoming_messages" ("id" INTEGER PRIMARY KEY AUTOINCREMENT NOT NULL, "receiver_number" varchar(255), "sender_number" varchar(255), "text" varchar(255), "created_at" datetime NOT NULL, "updated_at" datetime NOT NULL) 
  [1m[36m (3.0ms)[0m  [1mDROP TABLE "legelisten_sms_outgoing_messages"[0m
  [1m[35m (3.5ms)[0m  CREATE TABLE "legelisten_sms_outgoing_messages" ("id" INTEGER PRIMARY KEY AUTOINCREMENT NOT NULL, "created_at" datetime NOT NULL, "updated_at" datetime NOT NULL) 
  [1m[36m (0.1ms)[0m  [1mSELECT version FROM "schema_migrations"[0m
Connecting to database specified by database.yml
  [1m[36m (0.0ms)[0m  [1mSELECT "schema_migrations"."version" FROM "schema_migrations" [0m
  [1m[35m (0.2ms)[0m  select sqlite_version(*)
  [1m[36m (5.2ms)[0m  [1mDROP TABLE "legelisten_sms_incoming_messages"[0m
  [1m[35m (4.3ms)[0m  CREATE TABLE "legelisten_sms_incoming_messages" ("id" INTEGER PRIMARY KEY AUTOINCREMENT NOT NULL, "receiver_number" varchar(255), "sender_number" varchar(255), "text" varchar(255), "created_at" datetime NOT NULL, "updated_at" datetime NOT NULL) 
  [1m[36m (4.2ms)[0m  [1mDROP TABLE "legelisten_sms_outgoing_messages"[0m
  [1m[35m (4.2ms)[0m  CREATE TABLE "legelisten_sms_outgoing_messages" ("id" INTEGER PRIMARY KEY AUTOINCREMENT NOT NULL, "created_at" datetime NOT NULL, "updated_at" datetime NOT NULL) 
  [1m[36m (0.2ms)[0m  [1mSELECT version FROM "schema_migrations"[0m
Connecting to database specified by database.yml
  [1m[36m (0.0ms)[0m  [1mSELECT "schema_migrations"."version" FROM "schema_migrations" [0m
  [1m[35m (0.2ms)[0m  select sqlite_version(*)
  [1m[36m (4.5ms)[0m  [1mDROP TABLE "legelisten_sms_incoming_messages"[0m
  [1m[35m (3.1ms)[0m  CREATE TABLE "legelisten_sms_incoming_messages" ("id" INTEGER PRIMARY KEY AUTOINCREMENT NOT NULL, "receiver_number" varchar(255), "sender_number" varchar(255), "text" varchar(255), "created_at" datetime NOT NULL, "updated_at" datetime NOT NULL) 
  [1m[36m (4.3ms)[0m  [1mDROP TABLE "legelisten_sms_outgoing_messages"[0m
  [1m[35m (3.1ms)[0m  CREATE TABLE "legelisten_sms_outgoing_messages" ("id" INTEGER PRIMARY KEY AUTOINCREMENT NOT NULL, "created_at" datetime NOT NULL, "updated_at" datetime NOT NULL) 
  [1m[36m (0.1ms)[0m  [1mSELECT version FROM "schema_migrations"[0m
Connecting to database specified by database.yml
  [1m[36m (0.0ms)[0m  [1mSELECT "schema_migrations"."version" FROM "schema_migrations" [0m
  [1m[35m (0.2ms)[0m  select sqlite_version(*)
  [1m[36m (4.0ms)[0m  [1mDROP TABLE "legelisten_sms_incoming_messages"[0m
  [1m[35m (4.4ms)[0m  CREATE TABLE "legelisten_sms_incoming_messages" ("id" INTEGER PRIMARY KEY AUTOINCREMENT NOT NULL, "receiver_number" varchar(255), "sender_number" varchar(255), "text" varchar(255), "created_at" datetime NOT NULL, "updated_at" datetime NOT NULL) 
  [1m[36m (3.9ms)[0m  [1mDROP TABLE "legelisten_sms_outgoing_messages"[0m
  [1m[35m (3.9ms)[0m  CREATE TABLE "legelisten_sms_outgoing_messages" ("id" INTEGER PRIMARY KEY AUTOINCREMENT NOT NULL, "created_at" datetime NOT NULL, "updated_at" datetime NOT NULL) 
  [1m[36m (0.2ms)[0m  [1mSELECT version FROM "schema_migrations"[0m
Connecting to database specified by database.yml
  [1m[36m (0.1ms)[0m  [1mSELECT "schema_migrations"."version" FROM "schema_migrations" [0m
  [1m[35m (0.2ms)[0m  select sqlite_version(*)
  [1m[36m (4.0ms)[0m  [1mDROP TABLE "legelisten_sms_incoming_messages"[0m
  [1m[35m (4.4ms)[0m  CREATE TABLE "legelisten_sms_incoming_messages" ("id" INTEGER PRIMARY KEY AUTOINCREMENT NOT NULL, "receiver_number" varchar(255), "sender_number" varchar(255), "text" varchar(255), "created_at" datetime NOT NULL, "updated_at" datetime NOT NULL) 
  [1m[36m (4.1ms)[0m  [1mDROP TABLE "legelisten_sms_outgoing_messages"[0m
  [1m[35m (4.7ms)[0m  CREATE TABLE "legelisten_sms_outgoing_messages" ("id" INTEGER PRIMARY KEY AUTOINCREMENT NOT NULL, "created_at" datetime NOT NULL, "updated_at" datetime NOT NULL) 
  [1m[36m (0.2ms)[0m  [1mSELECT version FROM "schema_migrations"[0m
Connecting to database specified by database.yml
  [1m[36m (0.1ms)[0m  [1mSELECT "schema_migrations"."version" FROM "schema_migrations" [0m
  [1m[35m (0.2ms)[0m  select sqlite_version(*)
  [1m[36m (5.1ms)[0m  [1mDROP TABLE "legelisten_sms_incoming_messages"[0m
  [1m[35m (4.1ms)[0m  CREATE TABLE "legelisten_sms_incoming_messages" ("id" INTEGER PRIMARY KEY AUTOINCREMENT NOT NULL, "receiver_number" varchar(255), "sender_number" varchar(255), "text" varchar(255), "created_at" datetime NOT NULL, "updated_at" datetime NOT NULL) 
  [1m[36m (3.7ms)[0m  [1mDROP TABLE "legelisten_sms_outgoing_messages"[0m
  [1m[35m (3.3ms)[0m  CREATE TABLE "legelisten_sms_outgoing_messages" ("id" INTEGER PRIMARY KEY AUTOINCREMENT NOT NULL, "created_at" datetime NOT NULL, "updated_at" datetime NOT NULL) 
  [1m[36m (0.2ms)[0m  [1mSELECT version FROM "schema_migrations"[0m
Connecting to database specified by database.yml
  [1m[36m (0.1ms)[0m  [1mSELECT "schema_migrations"."version" FROM "schema_migrations" [0m
  [1m[35m (0.2ms)[0m  select sqlite_version(*)
  [1m[36m (4.1ms)[0m  [1mDROP TABLE "legelisten_sms_incoming_messages"[0m
  [1m[35m (3.9ms)[0m  CREATE TABLE "legelisten_sms_incoming_messages" ("id" INTEGER PRIMARY KEY AUTOINCREMENT NOT NULL, "receiver_number" varchar(255), "sender_number" varchar(255), "text" varchar(255), "created_at" datetime NOT NULL, "updated_at" datetime NOT NULL) 
  [1m[36m (4.0ms)[0m  [1mDROP TABLE "legelisten_sms_outgoing_messages"[0m
  [1m[35m (4.1ms)[0m  CREATE TABLE "legelisten_sms_outgoing_messages" ("id" INTEGER PRIMARY KEY AUTOINCREMENT NOT NULL, "created_at" datetime NOT NULL, "updated_at" datetime NOT NULL) 
  [1m[36m (0.2ms)[0m  [1mSELECT version FROM "schema_migrations"[0m
Connecting to database specified by database.yml
  [1m[36m (0.0ms)[0m  [1mSELECT "schema_migrations"."version" FROM "schema_migrations" [0m
  [1m[35m (0.4ms)[0m  select sqlite_version(*)
  [1m[36m (4.5ms)[0m  [1mDROP TABLE "legelisten_sms_incoming_messages"[0m
  [1m[35m (2.6ms)[0m  CREATE TABLE "legelisten_sms_incoming_messages" ("id" INTEGER PRIMARY KEY AUTOINCREMENT NOT NULL, "receiver_number" varchar(255), "sender_number" varchar(255), "text" varchar(255), "created_at" datetime NOT NULL, "updated_at" datetime NOT NULL) 
  [1m[36m (4.4ms)[0m  [1mDROP TABLE "legelisten_sms_outgoing_messages"[0m
  [1m[35m (4.1ms)[0m  CREATE TABLE "legelisten_sms_outgoing_messages" ("id" INTEGER PRIMARY KEY AUTOINCREMENT NOT NULL, "created_at" datetime NOT NULL, "updated_at" datetime NOT NULL) 
  [1m[36m (0.2ms)[0m  [1mSELECT version FROM "schema_migrations"[0m
Connecting to database specified by database.yml
  [1m[36m (0.1ms)[0m  [1mSELECT "schema_migrations"."version" FROM "schema_migrations" [0m
  [1m[35m (0.2ms)[0m  select sqlite_version(*)
  [1m[36m (4.9ms)[0m  [1mDROP TABLE "legelisten_sms_incoming_messages"[0m
  [1m[35m (3.1ms)[0m  CREATE TABLE "legelisten_sms_incoming_messages" ("id" INTEGER PRIMARY KEY AUTOINCREMENT NOT NULL, "receiver_number" varchar(255), "sender_number" varchar(255), "text" varchar(255), "created_at" datetime NOT NULL, "updated_at" datetime NOT NULL) 
  [1m[36m (4.8ms)[0m  [1mDROP TABLE "legelisten_sms_outgoing_messages"[0m
  [1m[35m (4.7ms)[0m  CREATE TABLE "legelisten_sms_outgoing_messages" ("id" INTEGER PRIMARY KEY AUTOINCREMENT NOT NULL, "created_at" datetime NOT NULL, "updated_at" datetime NOT NULL) 
  [1m[36m (0.2ms)[0m  [1mSELECT version FROM "schema_migrations"[0m
Connecting to database specified by database.yml
  [1m[36m (0.0ms)[0m  [1mSELECT "schema_migrations"."version" FROM "schema_migrations" [0m
  [1m[35m (0.2ms)[0m  select sqlite_version(*)
  [1m[36m (4.2ms)[0m  [1mDROP TABLE "legelisten_sms_incoming_messages"[0m
  [1m[35m (4.2ms)[0m  CREATE TABLE "legelisten_sms_incoming_messages" ("id" INTEGER PRIMARY KEY AUTOINCREMENT NOT NULL, "receiver_number" varchar(255), "sender_number" varchar(255), "text" varchar(255), "created_at" datetime NOT NULL, "updated_at" datetime NOT NULL) 
  [1m[36m (3.8ms)[0m  [1mDROP TABLE "legelisten_sms_outgoing_messages"[0m
  [1m[35m (4.5ms)[0m  CREATE TABLE "legelisten_sms_outgoing_messages" ("id" INTEGER PRIMARY KEY AUTOINCREMENT NOT NULL, "created_at" datetime NOT NULL, "updated_at" datetime NOT NULL) 
  [1m[36m (0.3ms)[0m  [1mSELECT version FROM "schema_migrations"[0m
Connecting to database specified by database.yml
  [1m[36m (0.0ms)[0m  [1mSELECT "schema_migrations"."version" FROM "schema_migrations" [0m
  [1m[35m (0.2ms)[0m  select sqlite_version(*)
  [1m[36m (4.6ms)[0m  [1mDROP TABLE "legelisten_sms_incoming_messages"[0m
  [1m[35m (4.9ms)[0m  CREATE TABLE "legelisten_sms_incoming_messages" ("id" INTEGER PRIMARY KEY AUTOINCREMENT NOT NULL, "receiver_number" varchar(255), "sender_number" varchar(255), "text" varchar(255), "created_at" datetime NOT NULL, "updated_at" datetime NOT NULL) 
  [1m[36m (3.9ms)[0m  [1mDROP TABLE "legelisten_sms_outgoing_messages"[0m
  [1m[35m (4.5ms)[0m  CREATE TABLE "legelisten_sms_outgoing_messages" ("id" INTEGER PRIMARY KEY AUTOINCREMENT NOT NULL, "created_at" datetime NOT NULL, "updated_at" datetime NOT NULL) 
  [1m[36m (0.2ms)[0m  [1mSELECT version FROM "schema_migrations"[0m
Connecting to database specified by database.yml
  [1m[36m (0.0ms)[0m  [1mSELECT "schema_migrations"."version" FROM "schema_migrations" [0m
  [1m[35m (0.2ms)[0m  select sqlite_version(*)
  [1m[36m (4.5ms)[0m  [1mDROP TABLE "legelisten_sms_incoming_messages"[0m
  [1m[35m (3.2ms)[0m  CREATE TABLE "legelisten_sms_incoming_messages" ("id" INTEGER PRIMARY KEY AUTOINCREMENT NOT NULL, "receiver_number" varchar(255), "sender_number" varchar(255), "text" varchar(255), "created_at" datetime NOT NULL, "updated_at" datetime NOT NULL) 
  [1m[36m (2.9ms)[0m  [1mDROP TABLE "legelisten_sms_outgoing_messages"[0m
  [1m[35m (3.4ms)[0m  CREATE TABLE "legelisten_sms_outgoing_messages" ("id" INTEGER PRIMARY KEY AUTOINCREMENT NOT NULL, "created_at" datetime NOT NULL, "updated_at" datetime NOT NULL) 
  [1m[36m (0.1ms)[0m  [1mSELECT version FROM "schema_migrations"[0m
Connecting to database specified by database.yml
  [1m[36m (0.0ms)[0m  [1mSELECT "schema_migrations"."version" FROM "schema_migrations" [0m
  [1m[35m (0.2ms)[0m  select sqlite_version(*)
  [1m[36m (4.2ms)[0m  [1mDROP TABLE "legelisten_sms_incoming_messages"[0m
  [1m[35m (3.0ms)[0m  CREATE TABLE "legelisten_sms_incoming_messages" ("id" INTEGER PRIMARY KEY AUTOINCREMENT NOT NULL, "receiver_number" varchar(255), "sender_number" varchar(255), "text" varchar(255), "created_at" datetime NOT NULL, "updated_at" datetime NOT NULL) 
  [1m[36m (2.9ms)[0m  [1mDROP TABLE "legelisten_sms_outgoing_messages"[0m
  [1m[35m (3.5ms)[0m  CREATE TABLE "legelisten_sms_outgoing_messages" ("id" INTEGER PRIMARY KEY AUTOINCREMENT NOT NULL, "created_at" datetime NOT NULL, "updated_at" datetime NOT NULL) 
  [1m[36m (0.1ms)[0m  [1mSELECT version FROM "schema_migrations"[0m
Connecting to database specified by database.yml
  [1m[36m (0.0ms)[0m  [1mSELECT "schema_migrations"."version" FROM "schema_migrations" [0m
  [1m[35m (0.2ms)[0m  select sqlite_version(*)
  [1m[36m (3.8ms)[0m  [1mDROP TABLE "legelisten_sms_incoming_messages"[0m
  [1m[35m (3.5ms)[0m  CREATE TABLE "legelisten_sms_incoming_messages" ("id" INTEGER PRIMARY KEY AUTOINCREMENT NOT NULL, "receiver_number" varchar(255), "sender_number" varchar(255), "text" varchar(255), "created_at" datetime NOT NULL, "updated_at" datetime NOT NULL) 
  [1m[36m (3.1ms)[0m  [1mDROP TABLE "legelisten_sms_outgoing_messages"[0m
  [1m[35m (3.3ms)[0m  CREATE TABLE "legelisten_sms_outgoing_messages" ("id" INTEGER PRIMARY KEY AUTOINCREMENT NOT NULL, "created_at" datetime NOT NULL, "updated_at" datetime NOT NULL) 
  [1m[36m (0.2ms)[0m  [1mSELECT version FROM "schema_migrations"[0m
Connecting to database specified by database.yml
  [1m[36m (0.0ms)[0m  [1mSELECT "schema_migrations"."version" FROM "schema_migrations" [0m
  [1m[35m (0.2ms)[0m  select sqlite_version(*)
  [1m[36m (4.3ms)[0m  [1mDROP TABLE "legelisten_sms_incoming_messages"[0m
  [1m[35m (4.1ms)[0m  CREATE TABLE "legelisten_sms_incoming_messages" ("id" INTEGER PRIMARY KEY AUTOINCREMENT NOT NULL, "receiver_number" varchar(255), "sender_number" varchar(255), "text" varchar(255), "created_at" datetime NOT NULL, "updated_at" datetime NOT NULL) 
  [1m[36m (4.1ms)[0m  [1mDROP TABLE "legelisten_sms_outgoing_messages"[0m
  [1m[35m (4.1ms)[0m  CREATE TABLE "legelisten_sms_outgoing_messages" ("id" INTEGER PRIMARY KEY AUTOINCREMENT NOT NULL, "created_at" datetime NOT NULL, "updated_at" datetime NOT NULL) 
  [1m[36m (0.2ms)[0m  [1mSELECT version FROM "schema_migrations"[0m
Connecting to database specified by database.yml
  [1m[36m (0.0ms)[0m  [1mSELECT "schema_migrations"."version" FROM "schema_migrations" [0m
  [1m[35m (0.2ms)[0m  select sqlite_version(*)
  [1m[36m (4.9ms)[0m  [1mDROP TABLE "legelisten_sms_incoming_messages"[0m
  [1m[35m (3.0ms)[0m  CREATE TABLE "legelisten_sms_incoming_messages" ("id" INTEGER PRIMARY KEY AUTOINCREMENT NOT NULL, "receiver_number" varchar(255), "sender_number" varchar(255), "text" varchar(255), "created_at" datetime NOT NULL, "updated_at" datetime NOT NULL) 
  [1m[36m (3.7ms)[0m  [1mDROP TABLE "legelisten_sms_outgoing_messages"[0m
  [1m[35m (4.0ms)[0m  CREATE TABLE "legelisten_sms_outgoing_messages" ("id" INTEGER PRIMARY KEY AUTOINCREMENT NOT NULL, "created_at" datetime NOT NULL, "updated_at" datetime NOT NULL) 
  [1m[36m (0.2ms)[0m  [1mSELECT version FROM "schema_migrations"[0m
Connecting to database specified by database.yml
  [1m[36m (0.1ms)[0m  [1mSELECT "schema_migrations"."version" FROM "schema_migrations" [0m
  [1m[35m (0.2ms)[0m  select sqlite_version(*)
  [1m[36m (20.9ms)[0m  [1mDROP TABLE "legelisten_sms_incoming_messages"[0m
  [1m[35m (3.6ms)[0m  CREATE TABLE "legelisten_sms_incoming_messages" ("id" INTEGER PRIMARY KEY AUTOINCREMENT NOT NULL, "receiver_number" varchar(255), "sender_number" varchar(255), "text" varchar(255), "created_at" datetime NOT NULL, "updated_at" datetime NOT NULL) 
  [1m[36m (3.9ms)[0m  [1mDROP TABLE "legelisten_sms_outgoing_messages"[0m
  [1m[35m (5.1ms)[0m  CREATE TABLE "legelisten_sms_outgoing_messages" ("id" INTEGER PRIMARY KEY AUTOINCREMENT NOT NULL, "created_at" datetime NOT NULL, "updated_at" datetime NOT NULL) 
  [1m[36m (0.2ms)[0m  [1mSELECT version FROM "schema_migrations"[0m
Connecting to database specified by database.yml
  [1m[36m (0.0ms)[0m  [1mSELECT "schema_migrations"."version" FROM "schema_migrations" [0m
  [1m[35m (0.2ms)[0m  select sqlite_version(*)
  [1m[36m (4.5ms)[0m  [1mDROP TABLE "legelisten_sms_incoming_messages"[0m
  [1m[35m (4.4ms)[0m  CREATE TABLE "legelisten_sms_incoming_messages" ("id" INTEGER PRIMARY KEY AUTOINCREMENT NOT NULL, "receiver_number" varchar(255), "sender_number" varchar(255), "text" varchar(255), "created_at" datetime NOT NULL, "updated_at" datetime NOT NULL) 
  [1m[36m (4.1ms)[0m  [1mDROP TABLE "legelisten_sms_outgoing_messages"[0m
  [1m[35m (4.0ms)[0m  CREATE TABLE "legelisten_sms_outgoing_messages" ("id" INTEGER PRIMARY KEY AUTOINCREMENT NOT NULL, "created_at" datetime NOT NULL, "updated_at" datetime NOT NULL) 
  [1m[36m (0.2ms)[0m  [1mSELECT version FROM "schema_migrations"[0m
Connecting to database specified by database.yml
  [1m[36m (0.0ms)[0m  [1mSELECT "schema_migrations"."version" FROM "schema_migrations" [0m
  [1m[35m (0.2ms)[0m  select sqlite_version(*)
  [1m[36m (4.6ms)[0m  [1mDROP TABLE "legelisten_sms_incoming_messages"[0m
  [1m[35m (4.3ms)[0m  CREATE TABLE "legelisten_sms_incoming_messages" ("id" INTEGER PRIMARY KEY AUTOINCREMENT NOT NULL, "receiver_number" varchar(255), "sender_number" varchar(255), "text" varchar(255), "created_at" datetime NOT NULL, "updated_at" datetime NOT NULL) 
  [1m[36m (4.3ms)[0m  [1mDROP TABLE "legelisten_sms_outgoing_messages"[0m
  [1m[35m (3.8ms)[0m  CREATE TABLE "legelisten_sms_outgoing_messages" ("id" INTEGER PRIMARY KEY AUTOINCREMENT NOT NULL, "created_at" datetime NOT NULL, "updated_at" datetime NOT NULL) 
  [1m[36m (0.2ms)[0m  [1mSELECT version FROM "schema_migrations"[0m
Connecting to database specified by database.yml
  [1m[36m (0.0ms)[0m  [1mSELECT "schema_migrations"."version" FROM "schema_migrations" [0m
  [1m[35m (0.2ms)[0m  select sqlite_version(*)
  [1m[36m (4.8ms)[0m  [1mDROP TABLE "legelisten_sms_incoming_messages"[0m
  [1m[35m (3.9ms)[0m  CREATE TABLE "legelisten_sms_incoming_messages" ("id" INTEGER PRIMARY KEY AUTOINCREMENT NOT NULL, "receiver_number" varchar(255), "sender_number" varchar(255), "text" varchar(255), "created_at" datetime NOT NULL, "updated_at" datetime NOT NULL) 
  [1m[36m (4.2ms)[0m  [1mDROP TABLE "legelisten_sms_outgoing_messages"[0m
  [1m[35m (4.3ms)[0m  CREATE TABLE "legelisten_sms_outgoing_messages" ("id" INTEGER PRIMARY KEY AUTOINCREMENT NOT NULL, "created_at" datetime NOT NULL, "updated_at" datetime NOT NULL) 
  [1m[36m (0.2ms)[0m  [1mSELECT version FROM "schema_migrations"[0m
Connecting to database specified by database.yml
  [1m[36m (0.0ms)[0m  [1mSELECT "schema_migrations"."version" FROM "schema_migrations" [0m
  [1m[35m (0.2ms)[0m  select sqlite_version(*)
  [1m[36m (4.5ms)[0m  [1mDROP TABLE "legelisten_sms_incoming_messages"[0m
  [1m[35m (4.2ms)[0m  CREATE TABLE "legelisten_sms_incoming_messages" ("id" INTEGER PRIMARY KEY AUTOINCREMENT NOT NULL, "receiver_number" varchar(255), "sender_number" varchar(255), "text" varchar(255), "created_at" datetime NOT NULL, "updated_at" datetime NOT NULL) 
  [1m[36m (4.1ms)[0m  [1mDROP TABLE "legelisten_sms_outgoing_messages"[0m
  [1m[35m (4.0ms)[0m  CREATE TABLE "legelisten_sms_outgoing_messages" ("id" INTEGER PRIMARY KEY AUTOINCREMENT NOT NULL, "created_at" datetime NOT NULL, "updated_at" datetime NOT NULL) 
  [1m[36m (0.2ms)[0m  [1mSELECT version FROM "schema_migrations"[0m
Connecting to database specified by database.yml
  [1m[36m (0.1ms)[0m  [1mSELECT "schema_migrations"."version" FROM "schema_migrations" [0m
  [1m[35m (0.2ms)[0m  select sqlite_version(*)
  [1m[36m (4.5ms)[0m  [1mDROP TABLE "legelisten_sms_incoming_messages"[0m
  [1m[35m (4.4ms)[0m  CREATE TABLE "legelisten_sms_incoming_messages" ("id" INTEGER PRIMARY KEY AUTOINCREMENT NOT NULL, "receiver_number" varchar(255), "sender_number" varchar(255), "text" varchar(255), "created_at" datetime NOT NULL, "updated_at" datetime NOT NULL) 
  [1m[36m (3.6ms)[0m  [1mDROP TABLE "legelisten_sms_outgoing_messages"[0m
  [1m[35m (3.7ms)[0m  CREATE TABLE "legelisten_sms_outgoing_messages" ("id" INTEGER PRIMARY KEY AUTOINCREMENT NOT NULL, "created_at" datetime NOT NULL, "updated_at" datetime NOT NULL) 
  [1m[36m (0.2ms)[0m  [1mSELECT version FROM "schema_migrations"[0m
Connecting to database specified by database.yml
  [1m[36m (0.0ms)[0m  [1mSELECT "schema_migrations"."version" FROM "schema_migrations" [0m
  [1m[35m (0.2ms)[0m  select sqlite_version(*)
  [1m[36m (4.5ms)[0m  [1mDROP TABLE "legelisten_sms_incoming_messages"[0m
  [1m[35m (4.2ms)[0m  CREATE TABLE "legelisten_sms_incoming_messages" ("id" INTEGER PRIMARY KEY AUTOINCREMENT NOT NULL, "receiver_number" varchar(255), "sender_number" varchar(255), "text" varchar(255), "created_at" datetime NOT NULL, "updated_at" datetime NOT NULL) 
  [1m[36m (3.7ms)[0m  [1mDROP TABLE "legelisten_sms_outgoing_messages"[0m
  [1m[35m (4.3ms)[0m  CREATE TABLE "legelisten_sms_outgoing_messages" ("id" INTEGER PRIMARY KEY AUTOINCREMENT NOT NULL, "created_at" datetime NOT NULL, "updated_at" datetime NOT NULL) 
  [1m[36m (0.2ms)[0m  [1mSELECT version FROM "schema_migrations"[0m
Connecting to database specified by database.yml
  [1m[36m (0.0ms)[0m  [1mSELECT "schema_migrations"."version" FROM "schema_migrations" [0m
  [1m[35m (0.2ms)[0m  select sqlite_version(*)
  [1m[36m (4.0ms)[0m  [1mDROP TABLE "legelisten_sms_incoming_messages"[0m
  [1m[35m (3.7ms)[0m  CREATE TABLE "legelisten_sms_incoming_messages" ("id" INTEGER PRIMARY KEY AUTOINCREMENT NOT NULL, "receiver_number" varchar(255), "sender_number" varchar(255), "text" varchar(255), "created_at" datetime NOT NULL, "updated_at" datetime NOT NULL) 
  [1m[36m (3.2ms)[0m  [1mDROP TABLE "legelisten_sms_outgoing_messages"[0m
  [1m[35m (3.4ms)[0m  CREATE TABLE "legelisten_sms_outgoing_messages" ("id" INTEGER PRIMARY KEY AUTOINCREMENT NOT NULL, "created_at" datetime NOT NULL, "updated_at" datetime NOT NULL) 
  [1m[36m (0.1ms)[0m  [1mSELECT version FROM "schema_migrations"[0m
Connecting to database specified by database.yml
  [1m[36m (0.0ms)[0m  [1mSELECT "schema_migrations"."version" FROM "schema_migrations" [0m
  [1m[35m (0.2ms)[0m  select sqlite_version(*)
  [1m[36m (11.4ms)[0m  [1mDROP TABLE "legelisten_sms_incoming_messages"[0m
  [1m[35m (4.6ms)[0m  CREATE TABLE "legelisten_sms_incoming_messages" ("id" INTEGER PRIMARY KEY AUTOINCREMENT NOT NULL, "receiver_number" varchar(255), "sender_number" varchar(255), "text" varchar(255), "created_at" datetime NOT NULL, "updated_at" datetime NOT NULL) 
  [1m[36m (4.4ms)[0m  [1mDROP TABLE "legelisten_sms_outgoing_messages"[0m
  [1m[35m (3.9ms)[0m  CREATE TABLE "legelisten_sms_outgoing_messages" ("id" INTEGER PRIMARY KEY AUTOINCREMENT NOT NULL, "created_at" datetime NOT NULL, "updated_at" datetime NOT NULL) 
  [1m[36m (0.2ms)[0m  [1mSELECT version FROM "schema_migrations"[0m
Connecting to database specified by database.yml
  [1m[36m (0.0ms)[0m  [1mSELECT "schema_migrations"."version" FROM "schema_migrations" [0m
  [1m[35m (0.2ms)[0m  select sqlite_version(*)
  [1m[36m (4.6ms)[0m  [1mDROP TABLE "legelisten_sms_incoming_messages"[0m
  [1m[35m (3.3ms)[0m  CREATE TABLE "legelisten_sms_incoming_messages" ("id" INTEGER PRIMARY KEY AUTOINCREMENT NOT NULL, "receiver_number" varchar(255), "sender_number" varchar(255), "text" varchar(255), "created_at" datetime NOT NULL, "updated_at" datetime NOT NULL) 
  [1m[36m (3.9ms)[0m  [1mDROP TABLE "legelisten_sms_outgoing_messages"[0m
  [1m[35m (4.0ms)[0m  CREATE TABLE "legelisten_sms_outgoing_messages" ("id" INTEGER PRIMARY KEY AUTOINCREMENT NOT NULL, "created_at" datetime NOT NULL, "updated_at" datetime NOT NULL) 
  [1m[36m (0.2ms)[0m  [1mSELECT version FROM "schema_migrations"[0m
Connecting to database specified by database.yml
  [1m[36m (0.0ms)[0m  [1mSELECT "schema_migrations"."version" FROM "schema_migrations" [0m
  [1m[35m (0.2ms)[0m  select sqlite_version(*)
  [1m[36m (4.8ms)[0m  [1mDROP TABLE "legelisten_sms_incoming_messages"[0m
  [1m[35m (4.2ms)[0m  CREATE TABLE "legelisten_sms_incoming_messages" ("id" INTEGER PRIMARY KEY AUTOINCREMENT NOT NULL, "receiver_number" varchar(255), "sender_number" varchar(255), "text" varchar(255), "created_at" datetime NOT NULL, "updated_at" datetime NOT NULL) 
  [1m[36m (3.4ms)[0m  [1mDROP TABLE "legelisten_sms_outgoing_messages"[0m
  [1m[35m (3.4ms)[0m  CREATE TABLE "legelisten_sms_outgoing_messages" ("id" INTEGER PRIMARY KEY AUTOINCREMENT NOT NULL, "created_at" datetime NOT NULL, "updated_at" datetime NOT NULL) 
  [1m[36m (0.1ms)[0m  [1mSELECT version FROM "schema_migrations"[0m
Connecting to database specified by database.yml
  [1m[36m (0.0ms)[0m  [1mSELECT "schema_migrations"."version" FROM "schema_migrations" [0m
  [1m[35m (0.1ms)[0m  select sqlite_version(*)
  [1m[36m (4.9ms)[0m  [1mDROP TABLE "legelisten_sms_incoming_messages"[0m
  [1m[35m (4.4ms)[0m  CREATE TABLE "legelisten_sms_incoming_messages" ("id" INTEGER PRIMARY KEY AUTOINCREMENT NOT NULL, "receiver_number" varchar(255), "sender_number" varchar(255), "text" varchar(255), "created_at" datetime NOT NULL, "updated_at" datetime NOT NULL) 
  [1m[36m (3.8ms)[0m  [1mDROP TABLE "legelisten_sms_outgoing_messages"[0m
  [1m[35m (4.0ms)[0m  CREATE TABLE "legelisten_sms_outgoing_messages" ("id" INTEGER PRIMARY KEY AUTOINCREMENT NOT NULL, "created_at" datetime NOT NULL, "updated_at" datetime NOT NULL) 
  [1m[36m (0.1ms)[0m  [1mSELECT version FROM "schema_migrations"[0m
Connecting to database specified by database.yml
  [1m[36m (0.0ms)[0m  [1mSELECT "schema_migrations"."version" FROM "schema_migrations" [0m
  [1m[35m (0.1ms)[0m  select sqlite_version(*)
  [1m[36m (4.7ms)[0m  [1mDROP TABLE "legelisten_sms_incoming_messages"[0m
  [1m[35m (4.4ms)[0m  CREATE TABLE "legelisten_sms_incoming_messages" ("id" INTEGER PRIMARY KEY AUTOINCREMENT NOT NULL, "receiver_number" varchar(255), "sender_number" varchar(255), "text" varchar(255), "created_at" datetime NOT NULL, "updated_at" datetime NOT NULL) 
  [1m[36m (4.0ms)[0m  [1mDROP TABLE "legelisten_sms_outgoing_messages"[0m
  [1m[35m (4.3ms)[0m  CREATE TABLE "legelisten_sms_outgoing_messages" ("id" INTEGER PRIMARY KEY AUTOINCREMENT NOT NULL, "created_at" datetime NOT NULL, "updated_at" datetime NOT NULL) 
  [1m[36m (0.2ms)[0m  [1mSELECT version FROM "schema_migrations"[0m
Connecting to database specified by database.yml
  [1m[36m (0.0ms)[0m  [1mSELECT "schema_migrations"."version" FROM "schema_migrations" [0m
  [1m[35m (0.1ms)[0m  select sqlite_version(*)
  [1m[36m (4.4ms)[0m  [1mDROP TABLE "legelisten_sms_incoming_messages"[0m
  [1m[35m (4.0ms)[0m  CREATE TABLE "legelisten_sms_incoming_messages" ("id" INTEGER PRIMARY KEY AUTOINCREMENT NOT NULL, "receiver_number" varchar(255), "sender_number" varchar(255), "text" varchar(255), "created_at" datetime NOT NULL, "updated_at" datetime NOT NULL) 
  [1m[36m (4.1ms)[0m  [1mDROP TABLE "legelisten_sms_outgoing_messages"[0m
  [1m[35m (4.2ms)[0m  CREATE TABLE "legelisten_sms_outgoing_messages" ("id" INTEGER PRIMARY KEY AUTOINCREMENT NOT NULL, "created_at" datetime NOT NULL, "updated_at" datetime NOT NULL) 
  [1m[36m (0.2ms)[0m  [1mSELECT version FROM "schema_migrations"[0m
Connecting to database specified by database.yml
  [1m[36m (0.0ms)[0m  [1mSELECT "schema_migrations"."version" FROM "schema_migrations" [0m
  [1m[35m (0.2ms)[0m  select sqlite_version(*)
  [1m[36m (5.0ms)[0m  [1mDROP TABLE "legelisten_sms_incoming_messages"[0m
  [1m[35m (3.0ms)[0m  CREATE TABLE "legelisten_sms_incoming_messages" ("id" INTEGER PRIMARY KEY AUTOINCREMENT NOT NULL, "receiver_number" varchar(255), "sender_number" varchar(255), "text" varchar(255), "created_at" datetime NOT NULL, "updated_at" datetime NOT NULL) 
  [1m[36m (2.9ms)[0m  [1mDROP TABLE "legelisten_sms_outgoing_messages"[0m
  [1m[35m (4.3ms)[0m  CREATE TABLE "legelisten_sms_outgoing_messages" ("id" INTEGER PRIMARY KEY AUTOINCREMENT NOT NULL, "created_at" datetime NOT NULL, "updated_at" datetime NOT NULL) 
  [1m[36m (0.2ms)[0m  [1mSELECT version FROM "schema_migrations"[0m
Connecting to database specified by database.yml
  [1m[36m (0.0ms)[0m  [1mSELECT "schema_migrations"."version" FROM "schema_migrations" [0m
  [1m[35m (0.2ms)[0m  select sqlite_version(*)
  [1m[36m (4.3ms)[0m  [1mDROP TABLE "legelisten_sms_incoming_messages"[0m
  [1m[35m (4.5ms)[0m  CREATE TABLE "legelisten_sms_incoming_messages" ("id" INTEGER PRIMARY KEY AUTOINCREMENT NOT NULL, "receiver_number" varchar(255), "sender_number" varchar(255), "text" varchar(255), "created_at" datetime NOT NULL, "updated_at" datetime NOT NULL) 
  [1m[36m (3.5ms)[0m  [1mDROP TABLE "legelisten_sms_outgoing_messages"[0m
  [1m[35m (4.2ms)[0m  CREATE TABLE "legelisten_sms_outgoing_messages" ("id" INTEGER PRIMARY KEY AUTOINCREMENT NOT NULL, "created_at" datetime NOT NULL, "updated_at" datetime NOT NULL) 
  [1m[36m (0.1ms)[0m  [1mSELECT version FROM "schema_migrations"[0m
Connecting to database specified by database.yml
  [1m[36m (0.0ms)[0m  [1mSELECT "schema_migrations"."version" FROM "schema_migrations" [0m
  [1m[35m (0.2ms)[0m  select sqlite_version(*)
  [1m[36m (3.8ms)[0m  [1mDROP TABLE "legelisten_sms_incoming_messages"[0m
  [1m[35m (4.7ms)[0m  CREATE TABLE "legelisten_sms_incoming_messages" ("id" INTEGER PRIMARY KEY AUTOINCREMENT NOT NULL, "receiver_number" varchar(255), "sender_number" varchar(255), "text" varchar(255), "created_at" datetime NOT NULL, "updated_at" datetime NOT NULL) 
  [1m[36m (4.0ms)[0m  [1mDROP TABLE "legelisten_sms_outgoing_messages"[0m
  [1m[35m (4.7ms)[0m  CREATE TABLE "legelisten_sms_outgoing_messages" ("id" INTEGER PRIMARY KEY AUTOINCREMENT NOT NULL, "created_at" datetime NOT NULL, "updated_at" datetime NOT NULL) 
  [1m[36m (0.2ms)[0m  [1mSELECT version FROM "schema_migrations"[0m
Connecting to database specified by database.yml
  [1m[36m (0.0ms)[0m  [1mSELECT "schema_migrations"."version" FROM "schema_migrations" [0m
  [1m[35m (0.1ms)[0m  select sqlite_version(*)
  [1m[36m (4.4ms)[0m  [1mDROP TABLE "legelisten_sms_incoming_messages"[0m
  [1m[35m (3.9ms)[0m  CREATE TABLE "legelisten_sms_incoming_messages" ("id" INTEGER PRIMARY KEY AUTOINCREMENT NOT NULL, "receiver_number" varchar(255), "sender_number" varchar(255), "text" varchar(255), "created_at" datetime NOT NULL, "updated_at" datetime NOT NULL) 
  [1m[36m (3.9ms)[0m  [1mDROP TABLE "legelisten_sms_outgoing_messages"[0m
  [1m[35m (3.7ms)[0m  CREATE TABLE "legelisten_sms_outgoing_messages" ("id" INTEGER PRIMARY KEY AUTOINCREMENT NOT NULL, "created_at" datetime NOT NULL, "updated_at" datetime NOT NULL) 
  [1m[36m (0.2ms)[0m  [1mSELECT version FROM "schema_migrations"[0m
Connecting to database specified by database.yml
  [1m[36m (0.0ms)[0m  [1mSELECT "schema_migrations"."version" FROM "schema_migrations" [0m
  [1m[35m (0.2ms)[0m  select sqlite_version(*)
  [1m[36m (4.3ms)[0m  [1mDROP TABLE "legelisten_sms_incoming_messages"[0m
  [1m[35m (3.4ms)[0m  CREATE TABLE "legelisten_sms_incoming_messages" ("id" INTEGER PRIMARY KEY AUTOINCREMENT NOT NULL, "receiver_number" varchar(255), "sender_number" varchar(255), "text" varchar(255), "created_at" datetime NOT NULL, "updated_at" datetime NOT NULL) 
  [1m[36m (4.1ms)[0m  [1mDROP TABLE "legelisten_sms_outgoing_messages"[0m
  [1m[35m (2.6ms)[0m  CREATE TABLE "legelisten_sms_outgoing_messages" ("id" INTEGER PRIMARY KEY AUTOINCREMENT NOT NULL, "created_at" datetime NOT NULL, "updated_at" datetime NOT NULL) 
  [1m[36m (0.2ms)[0m  [1mSELECT version FROM "schema_migrations"[0m
Connecting to database specified by database.yml
  [1m[36m (0.0ms)[0m  [1mSELECT "schema_migrations"."version" FROM "schema_migrations" [0m
  [1m[35m (0.2ms)[0m  select sqlite_version(*)
  [1m[36m (4.3ms)[0m  [1mDROP TABLE "legelisten_sms_incoming_messages"[0m
  [1m[35m (4.1ms)[0m  CREATE TABLE "legelisten_sms_incoming_messages" ("id" INTEGER PRIMARY KEY AUTOINCREMENT NOT NULL, "receiver_number" varchar(255), "sender_number" varchar(255), "text" varchar(255), "created_at" datetime NOT NULL, "updated_at" datetime NOT NULL) 
  [1m[36m (4.3ms)[0m  [1mDROP TABLE "legelisten_sms_outgoing_messages"[0m
  [1m[35m (4.1ms)[0m  CREATE TABLE "legelisten_sms_outgoing_messages" ("id" INTEGER PRIMARY KEY AUTOINCREMENT NOT NULL, "created_at" datetime NOT NULL, "updated_at" datetime NOT NULL) 
  [1m[36m (0.3ms)[0m  [1mSELECT version FROM "schema_migrations"[0m
Connecting to database specified by database.yml
  [1m[36m (0.0ms)[0m  [1mSELECT "schema_migrations"."version" FROM "schema_migrations" [0m
  [1m[35m (0.2ms)[0m  select sqlite_version(*)
  [1m[36m (4.7ms)[0m  [1mDROP TABLE "legelisten_sms_incoming_messages"[0m
  [1m[35m (4.0ms)[0m  CREATE TABLE "legelisten_sms_incoming_messages" ("id" INTEGER PRIMARY KEY AUTOINCREMENT NOT NULL, "receiver_number" varchar(255), "sender_number" varchar(255), "text" varchar(255), "created_at" datetime NOT NULL, "updated_at" datetime NOT NULL) 
  [1m[36m (4.4ms)[0m  [1mDROP TABLE "legelisten_sms_outgoing_messages"[0m
  [1m[35m (4.0ms)[0m  CREATE TABLE "legelisten_sms_outgoing_messages" ("id" INTEGER PRIMARY KEY AUTOINCREMENT NOT NULL, "created_at" datetime NOT NULL, "updated_at" datetime NOT NULL) 
  [1m[36m (0.2ms)[0m  [1mSELECT version FROM "schema_migrations"[0m
Connecting to database specified by database.yml
  [1m[36m (0.0ms)[0m  [1mSELECT "schema_migrations"."version" FROM "schema_migrations" [0m
  [1m[35m (0.2ms)[0m  select sqlite_version(*)
  [1m[36m (5.6ms)[0m  [1mDROP TABLE "legelisten_sms_incoming_messages"[0m
  [1m[35m (4.2ms)[0m  CREATE TABLE "legelisten_sms_incoming_messages" ("id" INTEGER PRIMARY KEY AUTOINCREMENT NOT NULL, "receiver_number" varchar(255), "sender_number" varchar(255), "text" varchar(255), "created_at" datetime NOT NULL, "updated_at" datetime NOT NULL) 
  [1m[36m (3.3ms)[0m  [1mDROP TABLE "legelisten_sms_outgoing_messages"[0m
  [1m[35m (3.9ms)[0m  CREATE TABLE "legelisten_sms_outgoing_messages" ("id" INTEGER PRIMARY KEY AUTOINCREMENT NOT NULL, "created_at" datetime NOT NULL, "updated_at" datetime NOT NULL) 
  [1m[36m (0.2ms)[0m  [1mSELECT version FROM "schema_migrations"[0m
Connecting to database specified by database.yml
  [1m[36m (0.0ms)[0m  [1mSELECT "schema_migrations"."version" FROM "schema_migrations" [0m
  [1m[35m (0.2ms)[0m  select sqlite_version(*)
  [1m[36m (3.7ms)[0m  [1mDROP TABLE "legelisten_sms_incoming_messages"[0m
  [1m[35m (4.6ms)[0m  CREATE TABLE "legelisten_sms_incoming_messages" ("id" INTEGER PRIMARY KEY AUTOINCREMENT NOT NULL, "receiver_number" varchar(255), "sender_number" varchar(255), "text" varchar(255), "created_at" datetime NOT NULL, "updated_at" datetime NOT NULL) 
  [1m[36m (3.6ms)[0m  [1mDROP TABLE "legelisten_sms_outgoing_messages"[0m
  [1m[35m (3.8ms)[0m  CREATE TABLE "legelisten_sms_outgoing_messages" ("id" INTEGER PRIMARY KEY AUTOINCREMENT NOT NULL, "created_at" datetime NOT NULL, "updated_at" datetime NOT NULL) 
  [1m[36m (0.2ms)[0m  [1mSELECT version FROM "schema_migrations"[0m
Connecting to database specified by database.yml
  [1m[36m (0.0ms)[0m  [1mSELECT "schema_migrations"."version" FROM "schema_migrations" [0m
  [1m[35m (0.2ms)[0m  select sqlite_version(*)
  [1m[36m (4.4ms)[0m  [1mDROP TABLE "legelisten_sms_incoming_messages"[0m
  [1m[35m (3.4ms)[0m  CREATE TABLE "legelisten_sms_incoming_messages" ("id" INTEGER PRIMARY KEY AUTOINCREMENT NOT NULL, "receiver_number" varchar(255), "sender_number" varchar(255), "text" varchar(255), "created_at" datetime NOT NULL, "updated_at" datetime NOT NULL) 
  [1m[36m (4.0ms)[0m  [1mDROP TABLE "legelisten_sms_outgoing_messages"[0m
  [1m[35m (4.5ms)[0m  CREATE TABLE "legelisten_sms_outgoing_messages" ("id" INTEGER PRIMARY KEY AUTOINCREMENT NOT NULL, "created_at" datetime NOT NULL, "updated_at" datetime NOT NULL) 
  [1m[36m (0.2ms)[0m  [1mSELECT version FROM "schema_migrations"[0m
Connecting to database specified by database.yml
  [1m[36m (0.0ms)[0m  [1mSELECT "schema_migrations"."version" FROM "schema_migrations" [0m
  [1m[35m (0.2ms)[0m  select sqlite_version(*)
  [1m[36m (4.5ms)[0m  [1mDROP TABLE "legelisten_sms_incoming_messages"[0m
  [1m[35m (4.0ms)[0m  CREATE TABLE "legelisten_sms_incoming_messages" ("id" INTEGER PRIMARY KEY AUTOINCREMENT NOT NULL, "receiver_number" varchar(255), "sender_number" varchar(255), "text" varchar(255), "created_at" datetime NOT NULL, "updated_at" datetime NOT NULL) 
  [1m[36m (4.1ms)[0m  [1mDROP TABLE "legelisten_sms_outgoing_messages"[0m
  [1m[35m (2.8ms)[0m  CREATE TABLE "legelisten_sms_outgoing_messages" ("id" INTEGER PRIMARY KEY AUTOINCREMENT NOT NULL, "created_at" datetime NOT NULL, "updated_at" datetime NOT NULL) 
  [1m[36m (0.2ms)[0m  [1mSELECT version FROM "schema_migrations"[0m
